d:\cgp2015m 25151585\sdlwindow\sdlwindow\debug\vc142.pdb
d:\cgp2015m 25151585\sdlwindow\sdlwindow\debug\vc142.idb
d:\cgp2015m 25151585\sdlwindow\sdlwindow\debug\sz_vector2d.obj
d:\cgp2015m 25151585\sdlwindow\sdlwindow\debug\sz_timer.obj
d:\cgp2015m 25151585\sdlwindow\sdlwindow\debug\sz_square.obj
d:\cgp2015m 25151585\sdlwindow\sdlwindow\debug\sz_gameworld.obj
d:\cgp2015m 25151585\sdlwindow\sdlwindow\debug\sz_gamecontainersquare.obj
d:\cgp2015m 25151585\sdlwindow\sdlwindow\debug\sz_cursor.obj
d:\cgp2015m 25151585\sdlwindow\sdlwindow\debug\sz_bulletcontainer.obj
d:\cgp2015m 25151585\sdlwindow\sdlwindow\debug\sprite.obj
d:\cgp2015m 25151585\sdlwindow\sdlwindow\debug\splashscreen.obj
d:\cgp2015m 25151585\sdlwindow\sdlwindow\debug\sdlwindow.obj
d:\cgp2015m 25151585\sdlwindow\sdlwindow\debug\ro_cursor.obj
d:\cgp2015m 25151585\sdlwindow\sdlwindow\debug\gamescreen.obj
d:\cgp2015m 25151585\sdlwindow\sdlwindow\debug\endscreen.obj
d:\cgp2015m 25151585\sdlwindow\sdlwindow\debug\sdlwindow.ilk
d:\cgp2015m 25151585\sdlwindow\debug\sdlwindow.exe
d:\cgp2015m 25151585\sdlwindow\debug\sdlwindow.pdb
d:\cgp2015m 25151585\sdlwindow\sdlwindow\debug\sz_gameitem.obj
d:\cgp2015m 25151585\sdlwindow\sdlwindow\debug\sdlwindow.tlog\cl.command.1.tlog
d:\cgp2015m 25151585\sdlwindow\sdlwindow\debug\sdlwindow.tlog\cl.read.1.tlog
d:\cgp2015m 25151585\sdlwindow\sdlwindow\debug\sdlwindow.tlog\cl.write.1.tlog
d:\cgp2015m 25151585\sdlwindow\sdlwindow\debug\sdlwindow.tlog\link.command.1.tlog
d:\cgp2015m 25151585\sdlwindow\sdlwindow\debug\sdlwindow.tlog\link.read.1.tlog
d:\cgp2015m 25151585\sdlwindow\sdlwindow\debug\sdlwindow.tlog\link.write.1.tlog
